Fri 12 Apr 2024 07:34:31 PM EDT cbw24-1.tar was created
Fri 12 Apr 2024 07:35:27 PM EDT ibw24-1.tar was created
Fri 12 Apr 2024 07:36:04 PM EDT No changes-Incremental backup was not created
Fri 12 Apr 2024 07:36:36 PM EDT dbw24-1.tar was created
Fri 12 Apr 2024 07:37:11 PM EDT ibw24-2.tar was created
Fri 12 Apr 2024 07:37:14 PM EDT cbw24-2.tar was created
Fri 12 Apr 2024 07:37:59 PM EDT No changes-Incremental backup was not created
Fri 12 Apr 2024 07:38:30 PM EDT No changes-Incremental backup was not created
Fri 12 Apr 2024 07:39:05 PM EDT No changes-Differential backup was not created
Fri 12 Apr 2024 07:39:37 PM EDT No changes-Incremental backup was not created
Fri 12 Apr 2024 07:39:41 PM EDT cbw24-3.tar was created
Fri 12 Apr 2024 07:40:25 PM EDT No changes-Incremental backup was not created
Fri 12 Apr 2024 07:40:57 PM EDT ibw24-3.tar was created
Fri 12 Apr 2024 07:41:33 PM EDT dbw24-2.tar was created
Fri 12 Apr 2024 07:42:04 PM EDT No changes-Incremental backup was not created
Fri 12 Apr 2024 07:42:09 PM EDT cbw24-4.tar was created
Fri 12 Apr 2024 07:42:53 PM EDT ibw24-4.tar was created
Fri 12 Apr 2024 07:43:24 PM EDT No changes-Incremental backup was not created
Fri 12 Apr 2024 07:43:59 PM EDT dbw24-3.tar was created
Fri 12 Apr 2024 07:44:31 PM EDT No changes-Incremental backup was not created
Fri 12 Apr 2024 07:44:36 PM EDT cbw24-5.tar was created
